<?xml version="1.0" encoding="UTF-8"?>
<testsuite name="co.com.store.mongo.BaseMongoGatewayImplTest" tests="3" skipped="0" failures="0" errors="0" timestamp="2026-06-01T03:58:32" hostname="DESKTOP-E6HKBJ8" time="3.412">
  <properties/>
  <testcase name="deleteByIdShouldComplete()" classname="co.com.store.mongo.BaseMongoGatewayImplTest" time="3.016"/>
  <testcase name="findByIdShouldReturnMappedDomain()" classname="co.com.store.mongo.BaseMongoGatewayImplTest" time="0.119"/>
  <testcase name="saveShouldMapAndReturnDomain()" classname="co.com.store.mongo.BaseMongoGatewayImplTest" time="0.262"/>
  <system-out><![CDATA[]]></system-out>
  <system-err><![CDATA[]]></system-err>
</testsuite>
