<?xml version="1.0" encoding="UTF-8"?>
<testsuite name="co.com.store.usecase.BaseUseCaseTest" tests="7" skipped="0" failures="0" errors="0" timestamp="2026-06-01T04:01:41" hostname="DESKTOP-E6HKBJ8" time="0.412">
  <properties/>
  <testcase name="validateShouldThrowWhenConditionIsFalse()" classname="co.com.store.usecase.BaseUseCaseTest" time="0.28"/>
  <testcase name="validateNotNullShouldThrowWhenObjectIsNull()" classname="co.com.store.usecase.BaseUseCaseTest" time="0.005"/>
  <testcase name="validateNotEmptyShouldThrowWhenStringIsNull()" classname="co.com.store.usecase.BaseUseCaseTest" time="0.005"/>
  <testcase name="validateNotEmptyShouldPassWhenStringHasText()" classname="co.com.store.usecase.BaseUseCaseTest" time="0.016"/>
  <testcase name="validateNotNullShouldPassWhenObjectExists()" classname="co.com.store.usecase.BaseUseCaseTest" time="0.007"/>
  <testcase name="validateNotEmptyShouldThrowWhenStringIsBlank()" classname="co.com.store.usecase.BaseUseCaseTest" time="0.056"/>
  <testcase name="validateShouldPassWhenConditionIsTrue()" classname="co.com.store.usecase.BaseUseCaseTest" time="0.011"/>
  <system-out><![CDATA[]]></system-out>
  <system-err><![CDATA[]]></system-err>
</testsuite>
