<?xml version="1.0" encoding="UTF-8"?>
<testsuite name="co.com.store.api.BaseHandlerTest" tests="4" skipped="0" failures="0" errors="0" timestamp="2026-06-01T01:18:13" hostname="DESKTOP-E6HKBJ8" time="25.908">
  <properties/>
  <testcase name="handleNoContentShouldReturn204()" classname="co.com.store.api.BaseHandlerTest" time="21.52"/>
  <testcase name="handleBadRequestShouldReturn400WithErrorBody()" classname="co.com.store.api.BaseHandlerTest" time="4.057"/>
  <testcase name="handleCreatedShouldReturn201WithBody()" classname="co.com.store.api.BaseHandlerTest" time="0.055"/>
  <testcase name="handleSuccessShouldReturn200WithBody()" classname="co.com.store.api.BaseHandlerTest" time="0.098"/>
  <system-out><![CDATA[]]></system-out>
  <system-err><![CDATA[]]></system-err>
</testsuite>
