<?xml version="1.0" encoding="UTF-8"?>
<testsuite name="co.com.store.api.BaseHandlerTest" tests="4" skipped="0" failures="0" errors="0" timestamp="2026-06-01T04:00:14" hostname="DESKTOP-E6HKBJ8" time="26.244">
  <properties/>
  <testcase name="handleNoContentShouldReturn204()" classname="co.com.store.api.BaseHandlerTest" time="23.148"/>
  <testcase name="handleBadRequestShouldReturn400WithErrorBody()" classname="co.com.store.api.BaseHandlerTest" time="2.917"/>
  <testcase name="handleCreatedShouldReturn201WithBody()" classname="co.com.store.api.BaseHandlerTest" time="0.122"/>
  <testcase name="handleSuccessShouldReturn200WithBody()" classname="co.com.store.api.BaseHandlerTest" time="0.027"/>
  <system-out><![CDATA[]]></system-out>
  <system-err><![CDATA[]]></system-err>
</testsuite>
