<?xml version="1.0" encoding="UTF-8"?>
<testsuite name="co.com.store.appservice.AppServiceApplicationTests" tests="1" skipped="0" failures="0" errors="0" timestamp="2026-06-01T01:17:53" hostname="DESKTOP-E6HKBJ8" time="27.884">
  <properties/>
  <testcase name="contextLoads()" classname="co.com.store.appservice.AppServiceApplicationTests" time="27.884"/>
  <system-out><![CDATA[20:16:42.216 [Test worker] INFO org.springframework.test.context.support.AnnotationConfigContextLoaderUtils -- Could not detect default configuration classes for test class [co.com.store.appservice.AppServiceApplicationTests]: AppServiceApplicationTests does not declare any static, non-private, non-final, nested classes annotated with @Configuration.
20:16:45.313 [Test worker] INFO org.springframework.boot.test.context.SpringBootTestContextBootstrapper -- Found @SpringBootConfiguration co.com.store.appservice.AppServiceApplication for test class co.com.store.appservice.AppServiceApplicationTests
20:16:50.977 [Test worker] INFO org.springframework.boot.devtools.restart.RestartApplicationListener -- Restart disabled due to context in which it is running

  .   ____          _            __ _ _
 /\\ / ___'_ __ _ _(_)_ __  __ _ \ \ \ \
( ( )\___ | '_ | '_| | '_ \/ _` | \ \ \ \
 \\/  ___)| |_)| | | | | || (_| |  ) ) ) )
  '  |____| .__|_| |_|_| |_\__, | / / / /
 =========|_|==============|___/=/_/_/_/
 :: Spring Boot ::                (v3.2.3)

2026-05-31T20:16:57.067-05:00  INFO 12976 --- [proyecto-base] [    Test worker] c.c.s.a.AppServiceApplicationTests       : Starting AppServiceApplicationTests using Java 17.0.12 with PID 12976 (started by lenovo in E:\cursos\semillero angular y spring-boot\base\applications\app-service)
2026-05-31T20:16:57.078-05:00  INFO 12976 --- [proyecto-base] [    Test worker] c.c.s.a.AppServiceApplicationTests       : No active profile set, falling back to 1 default profile: "default"
2026-05-31T20:17:12.466-05:00  INFO 12976 --- [proyecto-base] [    Test worker] .s.d.r.c.RepositoryConfigurationDelegate : Bootstrapping Spring Data Reactive MongoDB repositories in DEFAULT mode.
2026-05-31T20:17:12.609-05:00  INFO 12976 --- [proyecto-base] [    Test worker] .s.d.r.c.RepositoryConfigurationDelegate : Finished Spring Data repository scanning in 32 ms. Found 0 Reactive MongoDB repository interfaces.
2026-05-31T20:17:42.690-05:00  INFO 12976 --- [proyecto-base] [    Test worker] org.mongodb.driver.client                : MongoClient with metadata {"driver": {"name": "mongo-java-driver|reactive-streams|spring-boot", "version": "4.11.1"}, "os": {"type": "Windows", "name": "Windows 10", "architecture": "amd64", "version": "10.0"}, "platform": "Java/Oracle Corporation/17.0.12+8-LTS-286"} created with settings MongoClientSettings{readPreference=primary, writeConcern=WriteConcern{w=null, wTimeout=null ms, journal=null}, retryWrites=true, retryReads=true, readConcern=ReadConcern{level=null}, credential=null, transportSettings=NettyTransportSettings{eventLoopGroup=io.netty.channel.nio.NioEventLoopGroup@743e5472, socketChannelClass=null, allocator=null, sslContext=null}, streamFactoryFactory=null, commandListeners=[io.micrometer.core.instrument.binder.mongodb.MongoMetricsCommandListener@1ccb0482], codecRegistry=ProvidersCodecRegistry{codecProviders=[ValueCodecProvider{}, BsonValueCodecProvider{}, DBRefCodecProvider{}, DBObjectCodecProvider{}, DocumentCodecProvider{}, CollectionCodecProvider{}, IterableCodecProvider{}, MapCodecProvider{}, GeoJsonCodecProvider{}, GridFSFileCodecProvider{}, Jsr310CodecProvider{}, JsonObjectCodecProvider{}, BsonCodecProvider{}, EnumCodecProvider{}, com.mongodb.client.model.mql.ExpressionCodecProvider@1f879e78, com.mongodb.Jep395RecordCodecProvider@206e080, com.mongodb.KotlinCodecProvider@49da976]}, loggerSettings=LoggerSettings{maxDocumentLength=1000}, clusterSettings={hosts=[localhost:27017], srvServiceName=mongodb, mode=SINGLE, requiredClusterType=UNKNOWN, requiredReplicaSetName='null', serverSelector='null', clusterListeners='[]', serverSelectionTimeout='30000 ms', localThreshold='15 ms'}, socketSettings=SocketSettings{connectTimeoutMS=10000, readTimeoutMS=0, receiveBufferSize=0, proxySettings=ProxySettings{host=null, port=null, username=null, password=null}}, heartbeatSocketSettings=SocketSettings{connectTimeoutMS=10000, readTimeoutMS=10000, receiveBufferSize=0, proxySettings=ProxySettings{host=null, port=null, username=null, password=null}}, connectionPoolSettings=ConnectionPoolSettings{maxSize=100, minSize=0, maxWaitTimeMS=120000, maxConnectionLifeTimeMS=0, maxConnectionIdleTimeMS=0, maintenanceInitialDelayMS=0, maintenanceFrequencyMS=60000, connectionPoolListeners=[io.micrometer.core.instrument.binder.mongodb.MongoMetricsConnectionPoolListener@40364273], maxConnecting=2}, serverSettings=ServerSettings{heartbeatFrequencyMS=10000, minHeartbeatFrequencyMS=500, serverListeners='[]', serverMonitorListeners='[]'}, sslSettings=SslSettings{enabled=false, invalidHostNameAllowed=false, context=null}, applicationName='null', compressorList=[], uuidRepresentation=JAVA_LEGACY, serverApi=null, autoEncryptionSettings=null, dnsClient=null, inetAddressResolver=null, contextProvider=null}
2026-05-31T20:17:45.417-05:00  INFO 12976 --- [proyecto-base] [localhost:27017] org.mongodb.driver.cluster               : Monitor thread successfully connected to server with description ServerDescription{address=localhost:27017, type=STANDALONE, state=CONNECTED, ok=true, minWireVersion=0, maxWireVersion=25, maxDocumentSize=16777216, logicalSessionTimeoutMinutes=30, roundTripTimeNanos=1140640800}
2026-05-31T20:17:48.795-05:00  INFO 12976 --- [proyecto-base] [    Test worker] o.s.b.a.e.web.EndpointLinksResolver      : Exposing 1 endpoint(s) beneath base path '/actuator'
2026-05-31T20:17:53.355-05:00  INFO 12976 --- [proyecto-base] [    Test worker] c.c.s.a.AppServiceApplicationTests       : Started AppServiceApplicationTests in 62.669 seconds (process running for 144.653)
]]></system-out>
  <system-err><![CDATA[]]></system-err>
</testsuite>
