<?xml version="1.0" encoding="UTF-8"?>
<testsuite name="co.com.store.appservice.AppServiceApplicationTests" tests="1" skipped="0" failures="0" errors="0" timestamp="2026-06-01T03:59:59" hostname="DESKTOP-E6HKBJ8" time="28.277">
  <properties/>
  <testcase name="contextLoads()" classname="co.com.store.appservice.AppServiceApplicationTests" time="28.277"/>
  <system-out><![CDATA[22:58:55.623 [Test worker] INFO org.springframework.test.context.support.AnnotationConfigContextLoaderUtils -- Could not detect default configuration classes for test class [co.com.store.appservice.AppServiceApplicationTests]: AppServiceApplicationTests does not declare any static, non-private, non-final, nested classes annotated with @Configuration.
22:58:59.586 [Test worker] INFO org.springframework.boot.test.context.SpringBootTestContextBootstrapper -- Found @SpringBootConfiguration co.com.store.appservice.AppServiceApplication for test class co.com.store.appservice.AppServiceApplicationTests
22:59:04.501 [Test worker] INFO org.springframework.boot.devtools.restart.RestartApplicationListener -- Restart disabled due to context in which it is running

  .   ____          _            __ _ _
 /\\ / ___'_ __ _ _(_)_ __  __ _ \ \ \ \
( ( )\___ | '_ | '_| | '_ \/ _` | \ \ \ \
 \\/  ___)| |_)| | | | | || (_| |  ) ) ) )
  '  |____| .__|_| |_|_| |_\__, | / / / /
 =========|_|==============|___/=/_/_/_/
 :: Spring Boot ::                (v3.2.3)

2026-05-31T22:59:11.063-05:00  INFO 8120 --- [proyecto-base] [    Test worker] c.c.s.a.AppServiceApplicationTests       : Starting AppServiceApplicationTests using Java 17.0.12 with PID 8120 (started by lenovo in E:\cursos\semillero angular y spring-boot\base\applications\app-service)
2026-05-31T22:59:11.069-05:00  INFO 8120 --- [proyecto-base] [    Test worker] c.c.s.a.AppServiceApplicationTests       : No active profile set, falling back to 1 default profile: "default"
2026-05-31T22:59:18.643-05:00  INFO 8120 --- [proyecto-base] [    Test worker] .s.d.r.c.RepositoryConfigurationDelegate : Bootstrapping Spring Data Reactive MongoDB repositories in DEFAULT mode.
2026-05-31T22:59:20.164-05:00  INFO 8120 --- [proyecto-base] [    Test worker] .s.d.r.c.RepositoryConfigurationDelegate : Finished Spring Data repository scanning in 1435 ms. Found 3 Reactive MongoDB repository interfaces.
2026-05-31T22:59:40.582-05:00  INFO 8120 --- [proyecto-base] [    Test worker] org.mongodb.driver.client                : MongoClient with metadata {"driver": {"name": "mongo-java-driver|reactive-streams|spring-boot", "version": "4.11.1"}, "os": {"type": "Windows", "name": "Windows 10", "architecture": "amd64", "version": "10.0"}, "platform": "Java/Oracle Corporation/17.0.12+8-LTS-286"} created with settings MongoClientSettings{readPreference=primary, writeConcern=WriteConcern{w=null, wTimeout=null ms, journal=null}, retryWrites=true, retryReads=true, readConcern=ReadConcern{level=null}, credential=null, transportSettings=NettyTransportSettings{eventLoopGroup=io.netty.channel.nio.NioEventLoopGroup@1c4053aa, socketChannelClass=null, allocator=null, sslContext=null}, streamFactoryFactory=null, commandListeners=[io.micrometer.core.instrument.binder.mongodb.MongoMetricsCommandListener@709de434], codecRegistry=ProvidersCodecRegistry{codecProviders=[ValueCodecProvider{}, BsonValueCodecProvider{}, DBRefCodecProvider{}, DBObjectCodecProvider{}, DocumentCodecProvider{}, CollectionCodecProvider{}, IterableCodecProvider{}, MapCodecProvider{}, GeoJsonCodecProvider{}, GridFSFileCodecProvider{}, Jsr310CodecProvider{}, JsonObjectCodecProvider{}, BsonCodecProvider{}, EnumCodecProvider{}, com.mongodb.client.model.mql.ExpressionCodecProvider@551566a, com.mongodb.Jep395RecordCodecProvider@3e3b5ff5, com.mongodb.KotlinCodecProvider@2078869b]}, loggerSettings=LoggerSettings{maxDocumentLength=1000}, clusterSettings={hosts=[localhost:27017], srvServiceName=mongodb, mode=SINGLE, requiredClusterType=UNKNOWN, requiredReplicaSetName='null', serverSelector='null', clusterListeners='[]', serverSelectionTimeout='30000 ms', localThreshold='15 ms'}, socketSettings=SocketSettings{connectTimeoutMS=10000, readTimeoutMS=0, receiveBufferSize=0, proxySettings=ProxySettings{host=null, port=null, username=null, password=null}}, heartbeatSocketSettings=SocketSettings{connectTimeoutMS=10000, readTimeoutMS=10000, receiveBufferSize=0, proxySettings=ProxySettings{host=null, port=null, username=null, password=null}}, connectionPoolSettings=ConnectionPoolSettings{maxSize=100, minSize=0, maxWaitTimeMS=120000, maxConnectionLifeTimeMS=0, maxConnectionIdleTimeMS=0, maintenanceInitialDelayMS=0, maintenanceFrequencyMS=60000, connectionPoolListeners=[io.micrometer.core.instrument.binder.mongodb.MongoMetricsConnectionPoolListener@3fdb6ae4], maxConnecting=2}, serverSettings=ServerSettings{heartbeatFrequencyMS=10000, minHeartbeatFrequencyMS=500, serverListeners='[]', serverMonitorListeners='[]'}, sslSettings=SslSettings{enabled=false, invalidHostNameAllowed=false, context=null}, applicationName='null', compressorList=[], uuidRepresentation=JAVA_LEGACY, serverApi=null, autoEncryptionSettings=null, dnsClient=null, inetAddressResolver=null, contextProvider=null}
2026-05-31T22:59:43.963-05:00  INFO 8120 --- [proyecto-base] [localhost:27017] org.mongodb.driver.cluster               : Monitor thread successfully connected to server with description ServerDescription{address=localhost:27017, type=STANDALONE, state=CONNECTED, ok=true, minWireVersion=0, maxWireVersion=25, maxDocumentSize=16777216, logicalSessionTimeoutMinutes=30, roundTripTimeNanos=1423135000}
2026-05-31T22:59:55.098-05:00  INFO 8120 --- [proyecto-base] [    Test worker] o.s.b.a.e.web.EndpointLinksResolver      : Exposing 1 endpoint(s) beneath base path '/actuator'
2026-05-31T22:59:59.545-05:00  INFO 8120 --- [proyecto-base] [    Test worker] c.c.s.a.AppServiceApplicationTests       : Started AppServiceApplicationTests in 55.297 seconds (process running for 128.195)
]]></system-out>
  <system-err><![CDATA[]]></system-err>
</testsuite>
