<?xml version="1.0" encoding="UTF-8"?>
<testsuite name="co.com.store.appservice.ArchitectureRulesTest" tests="2" skipped="0" failures="0" errors="0" timestamp="2026-06-01T04:00:56" hostname="DESKTOP-E6HKBJ8" time="8.041">
  <properties/>
  <testcase name="mongoShouldNotDependOnUseCaseLayer()" classname="co.com.store.appservice.ArchitectureRulesTest" time="1.15"/>
  <testcase name="apiShouldNotDependDirectlyOnMongoLayer()" classname="co.com.store.appservice.ArchitectureRulesTest" time="0.013"/>
  <system-out><![CDATA[2026-05-31T23:00:29.087-05:00  INFO 8120 --- [proyecto-base] [    Test worker] com.tngtech.archunit.core.PluginLoader   : Detected Java version 17.0.12
]]></system-out>
  <system-err><![CDATA[]]></system-err>
</testsuite>
